c:\users\洋洋\desktop\项目：象棋游戏\chinesechess\chinesechess\debug\chinesechess.pch
c:\users\洋洋\desktop\项目：象棋游戏\chinesechess\chinesechess\debug\vc140.pdb
c:\users\洋洋\desktop\项目：象棋游戏\chinesechess\chinesechess\debug\vc140.idb
c:\users\洋洋\desktop\项目：象棋游戏\chinesechess\chinesechess\debug\stdafx.obj
c:\users\洋洋\desktop\项目：象棋游戏\chinesechess\chinesechess\debug\chess.obj
c:\users\洋洋\desktop\项目：象棋游戏\chinesechess\chinesechess\debug\chinesechess.obj
c:\users\洋洋\desktop\项目：象棋游戏\chinesechess\chinesechess\debug\chinesechessdoc.obj
c:\users\洋洋\desktop\项目：象棋游戏\chinesechess\chinesechess\debug\mainfrm.obj
c:\users\洋洋\desktop\项目：象棋游戏\chinesechess\chinesechess\debug\managers.obj
c:\users\洋洋\desktop\项目：象棋游戏\chinesechess\chinesechess\debug\chinesechessview.obj
c:\users\洋洋\desktop\项目：象棋游戏\chinesechess\debug\chinesechess.ilk
c:\users\洋洋\desktop\项目：象棋游戏\chinesechess\debug\chinesechess.exe
c:\users\洋洋\desktop\项目：象棋游戏\chinesechess\debug\chinesechess.pdb
c:\users\洋洋\desktop\项目：象棋游戏\chinesechess\chinesechess\debug\chinesechess.res
c:\users\洋洋\desktop\项目：象棋游戏\chinesechess\chinesechess\debug\chinesechess.tlog\cl.command.1.tlog
c:\users\洋洋\desktop\项目：象棋游戏\chinesechess\chinesechess\debug\chinesechess.tlog\cl.read.1.tlog
c:\users\洋洋\desktop\项目：象棋游戏\chinesechess\chinesechess\debug\chinesechess.tlog\cl.write.1.tlog
c:\users\洋洋\desktop\项目：象棋游戏\chinesechess\chinesechess\debug\chinesechess.tlog\link.command.1.tlog
c:\users\洋洋\desktop\项目：象棋游戏\chinesechess\chinesechess\debug\chinesechess.tlog\link.read.1.tlog
c:\users\洋洋\desktop\项目：象棋游戏\chinesechess\chinesechess\debug\chinesechess.tlog\link.write.1.tlog
c:\users\洋洋\desktop\项目：象棋游戏\chinesechess\chinesechess\debug\chinesechess.tlog\rc.command.1.tlog
c:\users\洋洋\desktop\项目：象棋游戏\chinesechess\chinesechess\debug\chinesechess.tlog\rc.read.1.tlog
c:\users\洋洋\desktop\项目：象棋游戏\chinesechess\chinesechess\debug\chinesechess.tlog\rc.write.1.tlog
